[  432349ms] [INFO] %cDownload the React DevTools for a better development experience: https://reactjs.org/link/react-devtools font-weight:bold @ http://localhost:5173/node_modules/.vite/deps/chunk-KDCVS43I.js?v=2cc20555:21608
[  433225ms] [WARNING] THREE.Clock: This module has been deprecated. Please use THREE.Timer instead. @ http://localhost:5173/node_modules/.vite/deps/chunk-RSBHJADB.js?v=2cc20555:16737
[  433328ms] [WARNING] THREE.Clock: This module has been deprecated. Please use THREE.Timer instead. @ http://localhost:5173/node_modules/.vite/deps/chunk-RSBHJADB.js?v=2cc20555:16737
[  433380ms] [WARNING] THREE.Clock: This module has been deprecated. Please use THREE.Timer instead. @ http://localhost:5173/node_modules/.vite/deps/chunk-RSBHJADB.js?v=2cc20555:16737
[  488611ms] [WARNING] THREE.Clock: This module has been deprecated. Please use THREE.Timer instead. @ http://localhost:5173/node_modules/.vite/deps/chunk-RSBHJADB.js?v=2cc20555:16737
[  489131ms] [LOG] THREE.WebGLRenderer: Context Lost. @ http://localhost:5173/node_modules/.vite/deps/chunk-RSBHJADB.js?v=2cc20555:16712
[  714562ms] [WARNING] THREE.WARNING: Multiple instances of Three.js being imported. @ http://localhost:5173/node_modules/.vite/deps/chunk-OSKE3TLL.js?v=19d7f095:746
[  715524ms] ReferenceError: BackgroundParticles is not defined
    at Hero (http://localhost:5173/src/components/Hero.jsx?t=1782469479286:32:30)
    at renderWithHooks (http://localhost:5173/node_modules/.vite/deps/chunk-KDCVS43I.js?v=2cc20555:11596:26)
    at updateFunctionComponent (http://localhost:5173/node_modules/.vite/deps/chunk-KDCVS43I.js?v=2cc20555:14630:28)
    at beginWork (http://localhost:5173/node_modules/.vite/deps/chunk-KDCVS43I.js?v=2cc20555:15972:22)
    at HTMLUnknownElement.callCallback2 (http://localhost:5173/node_modules/.vite/deps/chunk-KDCVS43I.js?v=2cc20555:3680:22)
    at Object.invokeGuardedCallbackDev (http://localhost:5173/node_modules/.vite/deps/chunk-KDCVS43I.js?v=2cc20555:3705:24)
    at invokeGuardedCallback (http://localhost:5173/node_modules/.vite/deps/chunk-KDCVS43I.js?v=2cc20555:3739:39)
    at beginWork$1 (http://localhost:5173/node_modules/.vite/deps/chunk-KDCVS43I.js?v=2cc20555:19818:15)
    at performUnitOfWork (http://localhost:5173/node_modules/.vite/deps/chunk-KDCVS43I.js?v=2cc20555:19251:20)
    at workLoopSync (http://localhost:5173/node_modules/.vite/deps/chunk-KDCVS43I.js?v=2cc20555:19190:13)
[  715531ms] ReferenceError: BackgroundParticles is not defined
    at Hero (http://localhost:5173/src/components/Hero.jsx?t=1782469479286:32:30)
    at renderWithHooks (http://localhost:5173/node_modules/.vite/deps/chunk-KDCVS43I.js?v=2cc20555:11596:26)
    at updateFunctionComponent (http://localhost:5173/node_modules/.vite/deps/chunk-KDCVS43I.js?v=2cc20555:14630:28)
    at beginWork (http://localhost:5173/node_modules/.vite/deps/chunk-KDCVS43I.js?v=2cc20555:15972:22)
    at HTMLUnknownElement.callCallback2 (http://localhost:5173/node_modules/.vite/deps/chunk-KDCVS43I.js?v=2cc20555:3680:22)
    at Object.invokeGuardedCallbackDev (http://localhost:5173/node_modules/.vite/deps/chunk-KDCVS43I.js?v=2cc20555:3705:24)
    at invokeGuardedCallback (http://localhost:5173/node_modules/.vite/deps/chunk-KDCVS43I.js?v=2cc20555:3739:39)
    at beginWork$1 (http://localhost:5173/node_modules/.vite/deps/chunk-KDCVS43I.js?v=2cc20555:19818:15)
    at performUnitOfWork (http://localhost:5173/node_modules/.vite/deps/chunk-KDCVS43I.js?v=2cc20555:19251:20)
    at workLoopSync (http://localhost:5173/node_modules/.vite/deps/chunk-KDCVS43I.js?v=2cc20555:19190:13)
[  715512ms] [ERROR] The above error occurred in the <Hero> component:

    at Hero (http://localhost:5173/src/components/Hero.jsx?t=1782469479286:24:20)
    at Suspense
    at main
    at App (http://localhost:5173/src/App.jsx:33:33)

Consider adding an error boundary to your tree to customize error handling behavior.
Visit https://reactjs.org/link/error-boundaries to learn more about error boundaries. @ http://localhost:5173/node_modules/.vite/deps/chunk-RSBHJADB.js?v=2cc20555:61650
[  715538ms] ReferenceError: BackgroundParticles is not defined
    at Hero (http://localhost:5173/src/components/Hero.jsx?t=1782469479286:32:30)
    at renderWithHooks (http://localhost:5173/node_modules/.vite/deps/chunk-KDCVS43I.js?v=2cc20555:11596:26)
    at updateFunctionComponent (http://localhost:5173/node_modules/.vite/deps/chunk-KDCVS43I.js?v=2cc20555:14630:28)
    at beginWork (http://localhost:5173/node_modules/.vite/deps/chunk-KDCVS43I.js?v=2cc20555:15972:22)
    at beginWork$1 (http://localhost:5173/node_modules/.vite/deps/chunk-KDCVS43I.js?v=2cc20555:19806:22)
    at performUnitOfWork (http://localhost:5173/node_modules/.vite/deps/chunk-KDCVS43I.js?v=2cc20555:19251:20)
    at workLoopSync (http://localhost:5173/node_modules/.vite/deps/chunk-KDCVS43I.js?v=2cc20555:19190:13)
    at renderRootSync (http://localhost:5173/node_modules/.vite/deps/chunk-KDCVS43I.js?v=2cc20555:19169:15)
    at recoverFromConcurrentError (http://localhost:5173/node_modules/.vite/deps/chunk-KDCVS43I.js?v=2cc20555:18786:28)
    at performSyncWorkOnRoot (http://localhost:5173/node_modules/.vite/deps/chunk-KDCVS43I.js?v=2cc20555:18932:28)
[  716619ms] [INFO] %cDownload the React DevTools for a better development experience: https://reactjs.org/link/react-devtools font-weight:bold @ http://localhost:5173/node_modules/.vite/deps/chunk-KDCVS43I.js?v=19d7f095:21608
[  717577ms] ReferenceError: BackgroundParticles is not defined
    at Hero (http://localhost:5173/src/components/Hero.jsx?t=1782469479286:32:30)
    at renderWithHooks (http://localhost:5173/node_modules/.vite/deps/chunk-KDCVS43I.js?v=19d7f095:11596:26)
    at updateFunctionComponent (http://localhost:5173/node_modules/.vite/deps/chunk-KDCVS43I.js?v=19d7f095:14630:28)
    at mountLazyComponent (http://localhost:5173/node_modules/.vite/deps/chunk-KDCVS43I.js?v=19d7f095:14881:23)
    at beginWork (http://localhost:5173/node_modules/.vite/deps/chunk-KDCVS43I.js?v=19d7f095:15966:22)
    at HTMLUnknownElement.callCallback2 (http://localhost:5173/node_modules/.vite/deps/chunk-KDCVS43I.js?v=19d7f095:3680:22)
    at Object.invokeGuardedCallbackDev (http://localhost:5173/node_modules/.vite/deps/chunk-KDCVS43I.js?v=19d7f095:3705:24)
    at invokeGuardedCallback (http://localhost:5173/node_modules/.vite/deps/chunk-KDCVS43I.js?v=19d7f095:3739:39)
    at beginWork$1 (http://localhost:5173/node_modules/.vite/deps/chunk-KDCVS43I.js?v=19d7f095:19818:15)
    at performUnitOfWork (http://localhost:5173/node_modules/.vite/deps/chunk-KDCVS43I.js?v=19d7f095:19251:20)
[  717586ms] ReferenceError: BackgroundParticles is not defined
    at Hero (http://localhost:5173/src/components/Hero.jsx?t=1782469479286:32:30)
    at renderWithHooks (http://localhost:5173/node_modules/.vite/deps/chunk-KDCVS43I.js?v=19d7f095:11596:26)
    at updateFunctionComponent (http://localhost:5173/node_modules/.vite/deps/chunk-KDCVS43I.js?v=19d7f095:14630:28)
    at mountLazyComponent (http://localhost:5173/node_modules/.vite/deps/chunk-KDCVS43I.js?v=19d7f095:14881:23)
    at beginWork (http://localhost:5173/node_modules/.vite/deps/chunk-KDCVS43I.js?v=19d7f095:15966:22)
    at HTMLUnknownElement.callCallback2 (http://localhost:5173/node_modules/.vite/deps/chunk-KDCVS43I.js?v=19d7f095:3680:22)
    at Object.invokeGuardedCallbackDev (http://localhost:5173/node_modules/.vite/deps/chunk-KDCVS43I.js?v=19d7f095:3705:24)
    at invokeGuardedCallback (http://localhost:5173/node_modules/.vite/deps/chunk-KDCVS43I.js?v=19d7f095:3739:39)
    at beginWork$1 (http://localhost:5173/node_modules/.vite/deps/chunk-KDCVS43I.js?v=19d7f095:19818:15)
    at performUnitOfWork (http://localhost:5173/node_modules/.vite/deps/chunk-KDCVS43I.js?v=19d7f095:19251:20)
[  717588ms] [ERROR] The above error occurred in the <Hero> component:

    at Hero (http://localhost:5173/src/components/Hero.jsx?t=1782469479286:24:20)
    at Suspense
    at main
    at App (http://localhost:5173/src/App.jsx?t=1782469479286:33:33)

Consider adding an error boundary to your tree to customize error handling behavior.
Visit https://reactjs.org/link/error-boundaries to learn more about error boundaries. @ http://localhost:5173/node_modules/.vite/deps/chunk-QNJ7FINK.js?v=19d7f095:18177
[  717592ms] ReferenceError: BackgroundParticles is not defined
    at Hero (http://localhost:5173/src/components/Hero.jsx?t=1782469479286:32:30)
    at renderWithHooks (http://localhost:5173/node_modules/.vite/deps/chunk-KDCVS43I.js?v=19d7f095:11596:26)
    at updateFunctionComponent (http://localhost:5173/node_modules/.vite/deps/chunk-KDCVS43I.js?v=19d7f095:14630:28)
    at mountLazyComponent (http://localhost:5173/node_modules/.vite/deps/chunk-KDCVS43I.js?v=19d7f095:14881:23)
    at beginWork (http://localhost:5173/node_modules/.vite/deps/chunk-KDCVS43I.js?v=19d7f095:15966:22)
    at beginWork$1 (http://localhost:5173/node_modules/.vite/deps/chunk-KDCVS43I.js?v=19d7f095:19806:22)
    at performUnitOfWork (http://localhost:5173/node_modules/.vite/deps/chunk-KDCVS43I.js?v=19d7f095:19251:20)
    at workLoopSync (http://localhost:5173/node_modules/.vite/deps/chunk-KDCVS43I.js?v=19d7f095:19190:13)
    at renderRootSync (http://localhost:5173/node_modules/.vite/deps/chunk-KDCVS43I.js?v=19d7f095:19169:15)
    at recoverFromConcurrentError (http://localhost:5173/node_modules/.vite/deps/chunk-KDCVS43I.js?v=19d7f095:18786:28)
