[   10214ms] [INFO] %cDownload the React DevTools for a better development experience: https://reactjs.org/link/react-devtools font-weight:bold @ http://localhost:5173/node_modules/.vite/deps/chunk-KDCVS43I.js?v=19d7f095:21608
[   11131ms] [WARNING] THREE.Clock: This module has been deprecated. Please use THREE.Timer instead. @ http://localhost:5173/node_modules/.vite/deps/chunk-OSKE3TLL.js?v=19d7f095:746
[  291755ms] [INFO] %cDownload the React DevTools for a better development experience: https://reactjs.org/link/react-devtools font-weight:bold @ http://localhost:5173/node_modules/.vite/deps/chunk-KDCVS43I.js?v=19d7f095:21608
[  293070ms] [WARNING] THREE.Clock: This module has been deprecated. Please use THREE.Timer instead. @ http://localhost:5173/node_modules/.vite/deps/chunk-OSKE3TLL.js?v=19d7f095:746
[  326685ms] [ERROR] [vite] SyntaxError: The requested module '/src/assets/svgs/index.jsx' does not provide an export named 'Moon' @ http://localhost:5173/node_modules/.vite/deps/chunk-QNJ7FINK.js?v=19d7f095:18177
[  326717ms] [ERROR] [vite] Failed to reload /src/App.jsx. This could be due to syntax errors or importing non-existent modules. (see errors above) @ http://localhost:5173/node_modules/.vite/deps/chunk-QNJ7FINK.js?v=19d7f095:18177
[  326729ms] [ERROR] [vite] SyntaxError: The requested module '/src/assets/svgs/index.jsx' does not provide an export named 'Moon' @ http://localhost:5173/node_modules/.vite/deps/chunk-QNJ7FINK.js?v=19d7f095:18177
[  326731ms] [ERROR] [vite] Failed to reload /src/components/Navbar.jsx. This could be due to syntax errors or importing non-existent modules. (see errors above) @ http://localhost:5173/node_modules/.vite/deps/chunk-QNJ7FINK.js?v=19d7f095:18177
[  326800ms] [ERROR] [vite] SyntaxError: The requested module '/src/assets/svgs/index.jsx' does not provide an export named 'Moon' @ http://localhost:5173/node_modules/.vite/deps/chunk-QNJ7FINK.js?v=19d7f095:18177
[  326801ms] [ERROR] [vite] Failed to reload /src/App.jsx. This could be due to syntax errors or importing non-existent modules. (see errors above) @ http://localhost:5173/node_modules/.vite/deps/chunk-QNJ7FINK.js?v=19d7f095:18177
[  359265ms] Error: useTheme must be used within ThemeProvider
    at useTheme (http://localhost:5173/src/context/ThemeContext.jsx:48:19)
    at Navbar (http://localhost:5173/src/components/Navbar.jsx?t=1782472027328:27:29)
    at renderWithHooks (http://localhost:5173/node_modules/.vite/deps/chunk-KDCVS43I.js?v=19d7f095:11596:26)
    at mountIndeterminateComponent (http://localhost:5173/node_modules/.vite/deps/chunk-KDCVS43I.js?v=19d7f095:14974:21)
    at beginWork (http://localhost:5173/node_modules/.vite/deps/chunk-KDCVS43I.js?v=19d7f095:15962:22)
    at HTMLUnknownElement.callCallback2 (http://localhost:5173/node_modules/.vite/deps/chunk-KDCVS43I.js?v=19d7f095:3680:22)
    at Object.invokeGuardedCallbackDev (http://localhost:5173/node_modules/.vite/deps/chunk-KDCVS43I.js?v=19d7f095:3705:24)
    at invokeGuardedCallback (http://localhost:5173/node_modules/.vite/deps/chunk-KDCVS43I.js?v=19d7f095:3739:39)
    at beginWork$1 (http://localhost:5173/node_modules/.vite/deps/chunk-KDCVS43I.js?v=19d7f095:19818:15)
    at performUnitOfWork (http://localhost:5173/node_modules/.vite/deps/chunk-KDCVS43I.js?v=19d7f095:19251:20)
[  359284ms] Error: useTheme must be used within ThemeProvider
    at useTheme (http://localhost:5173/src/context/ThemeContext.jsx:48:19)
    at Navbar (http://localhost:5173/src/components/Navbar.jsx?t=1782472027328:27:29)
    at renderWithHooks (http://localhost:5173/node_modules/.vite/deps/chunk-KDCVS43I.js?v=19d7f095:11596:26)
    at mountIndeterminateComponent (http://localhost:5173/node_modules/.vite/deps/chunk-KDCVS43I.js?v=19d7f095:14974:21)
    at beginWork (http://localhost:5173/node_modules/.vite/deps/chunk-KDCVS43I.js?v=19d7f095:15962:22)
    at HTMLUnknownElement.callCallback2 (http://localhost:5173/node_modules/.vite/deps/chunk-KDCVS43I.js?v=19d7f095:3680:22)
    at Object.invokeGuardedCallbackDev (http://localhost:5173/node_modules/.vite/deps/chunk-KDCVS43I.js?v=19d7f095:3705:24)
    at invokeGuardedCallback (http://localhost:5173/node_modules/.vite/deps/chunk-KDCVS43I.js?v=19d7f095:3739:39)
    at beginWork$1 (http://localhost:5173/node_modules/.vite/deps/chunk-KDCVS43I.js?v=19d7f095:19818:15)
    at performUnitOfWork (http://localhost:5173/node_modules/.vite/deps/chunk-KDCVS43I.js?v=19d7f095:19251:20)
[  359317ms] [ERROR] The above error occurred in the <Navbar> component:

    at Navbar (http://localhost:5173/src/components/Navbar.jsx?t=1782472027328:24:20)
    at App (http://localhost:5173/src/App.jsx?t=1782471628963:33:33)

Consider adding an error boundary to your tree to customize error handling behavior.
Visit https://reactjs.org/link/error-boundaries to learn more about error boundaries. @ http://localhost:5173/node_modules/.vite/deps/chunk-QNJ7FINK.js?v=19d7f095:18177
[  359351ms] Error: useTheme must be used within ThemeProvider
    at useTheme (http://localhost:5173/src/context/ThemeContext.jsx:48:19)
    at Navbar (http://localhost:5173/src/components/Navbar.jsx?t=1782472027328:27:29)
    at renderWithHooks (http://localhost:5173/node_modules/.vite/deps/chunk-KDCVS43I.js?v=19d7f095:11596:26)
    at mountIndeterminateComponent (http://localhost:5173/node_modules/.vite/deps/chunk-KDCVS43I.js?v=19d7f095:14974:21)
    at beginWork (http://localhost:5173/node_modules/.vite/deps/chunk-KDCVS43I.js?v=19d7f095:15962:22)
    at beginWork$1 (http://localhost:5173/node_modules/.vite/deps/chunk-KDCVS43I.js?v=19d7f095:19806:22)
    at performUnitOfWork (http://localhost:5173/node_modules/.vite/deps/chunk-KDCVS43I.js?v=19d7f095:19251:20)
    at workLoopSync (http://localhost:5173/node_modules/.vite/deps/chunk-KDCVS43I.js?v=19d7f095:19190:13)
    at renderRootSync (http://localhost:5173/node_modules/.vite/deps/chunk-KDCVS43I.js?v=19d7f095:19169:15)
    at recoverFromConcurrentError (http://localhost:5173/node_modules/.vite/deps/chunk-KDCVS43I.js?v=19d7f095:18786:28)
[  359983ms] [LOG] THREE.WebGLRenderer: Context Lost. @ http://localhost:5173/node_modules/.vite/deps/chunk-OSKE3TLL.js?v=19d7f095:721
[  364498ms] Error: useTheme must be used within ThemeProvider
    at useTheme (http://localhost:5173/src/context/ThemeContext.jsx:48:19)
    at Navbar (http://localhost:5173/src/components/Navbar.jsx?t=1782472027328:27:29)
    at renderWithHooks (http://localhost:5173/node_modules/.vite/deps/chunk-KDCVS43I.js?v=19d7f095:11596:26)
    at mountIndeterminateComponent (http://localhost:5173/node_modules/.vite/deps/chunk-KDCVS43I.js?v=19d7f095:14974:21)
    at beginWork (http://localhost:5173/node_modules/.vite/deps/chunk-KDCVS43I.js?v=19d7f095:15962:22)
    at HTMLUnknownElement.callCallback2 (http://localhost:5173/node_modules/.vite/deps/chunk-KDCVS43I.js?v=19d7f095:3680:22)
    at Object.invokeGuardedCallbackDev (http://localhost:5173/node_modules/.vite/deps/chunk-KDCVS43I.js?v=19d7f095:3705:24)
    at invokeGuardedCallback (http://localhost:5173/node_modules/.vite/deps/chunk-KDCVS43I.js?v=19d7f095:3739:39)
    at beginWork$1 (http://localhost:5173/node_modules/.vite/deps/chunk-KDCVS43I.js?v=19d7f095:19818:15)
    at performUnitOfWork (http://localhost:5173/node_modules/.vite/deps/chunk-KDCVS43I.js?v=19d7f095:19251:20)
[  364540ms] Error: useTheme must be used within ThemeProvider
    at useTheme (http://localhost:5173/src/context/ThemeContext.jsx:48:19)
    at Navbar (http://localhost:5173/src/components/Navbar.jsx?t=1782472027328:27:29)
    at renderWithHooks (http://localhost:5173/node_modules/.vite/deps/chunk-KDCVS43I.js?v=19d7f095:11596:26)
    at mountIndeterminateComponent (http://localhost:5173/node_modules/.vite/deps/chunk-KDCVS43I.js?v=19d7f095:14974:21)
    at beginWork (http://localhost:5173/node_modules/.vite/deps/chunk-KDCVS43I.js?v=19d7f095:15962:22)
    at HTMLUnknownElement.callCallback2 (http://localhost:5173/node_modules/.vite/deps/chunk-KDCVS43I.js?v=19d7f095:3680:22)
    at Object.invokeGuardedCallbackDev (http://localhost:5173/node_modules/.vite/deps/chunk-KDCVS43I.js?v=19d7f095:3705:24)
    at invokeGuardedCallback (http://localhost:5173/node_modules/.vite/deps/chunk-KDCVS43I.js?v=19d7f095:3739:39)
    at beginWork$1 (http://localhost:5173/node_modules/.vite/deps/chunk-KDCVS43I.js?v=19d7f095:19818:15)
    at performUnitOfWork (http://localhost:5173/node_modules/.vite/deps/chunk-KDCVS43I.js?v=19d7f095:19251:20)
[  364550ms] [ERROR] The above error occurred in the <Navbar> component:

    at Navbar (http://localhost:5173/src/components/Navbar.jsx?t=1782472027328:24:20)
    at App (http://localhost:5173/src/App.jsx?t=1782471628963:33:33)

Consider adding an error boundary to your tree to customize error handling behavior.
Visit https://reactjs.org/link/error-boundaries to learn more about error boundaries. @ http://localhost:5173/node_modules/.vite/deps/chunk-QNJ7FINK.js?v=19d7f095:18177
[  364551ms] Error: useTheme must be used within ThemeProvider
    at useTheme (http://localhost:5173/src/context/ThemeContext.jsx:48:19)
    at Navbar (http://localhost:5173/src/components/Navbar.jsx?t=1782472027328:27:29)
    at renderWithHooks (http://localhost:5173/node_modules/.vite/deps/chunk-KDCVS43I.js?v=19d7f095:11596:26)
    at mountIndeterminateComponent (http://localhost:5173/node_modules/.vite/deps/chunk-KDCVS43I.js?v=19d7f095:14974:21)
    at beginWork (http://localhost:5173/node_modules/.vite/deps/chunk-KDCVS43I.js?v=19d7f095:15962:22)
    at beginWork$1 (http://localhost:5173/node_modules/.vite/deps/chunk-KDCVS43I.js?v=19d7f095:19806:22)
    at performUnitOfWork (http://localhost:5173/node_modules/.vite/deps/chunk-KDCVS43I.js?v=19d7f095:19251:20)
    at workLoopSync (http://localhost:5173/node_modules/.vite/deps/chunk-KDCVS43I.js?v=19d7f095:19190:13)
    at renderRootSync (http://localhost:5173/node_modules/.vite/deps/chunk-KDCVS43I.js?v=19d7f095:19169:15)
    at recoverFromConcurrentError (http://localhost:5173/node_modules/.vite/deps/chunk-KDCVS43I.js?v=19d7f095:18786:28)
[  366000ms] Error: useTheme must be used within ThemeProvider
    at useTheme (http://localhost:5173/src/context/ThemeContext.jsx:48:19)
    at Navbar (http://localhost:5173/src/components/Navbar.jsx?t=1782472027328:27:29)
    at renderWithHooks (http://localhost:5173/node_modules/.vite/deps/chunk-KDCVS43I.js?v=19d7f095:11596:26)
    at mountIndeterminateComponent (http://localhost:5173/node_modules/.vite/deps/chunk-KDCVS43I.js?v=19d7f095:14974:21)
    at beginWork (http://localhost:5173/node_modules/.vite/deps/chunk-KDCVS43I.js?v=19d7f095:15962:22)
    at HTMLUnknownElement.callCallback2 (http://localhost:5173/node_modules/.vite/deps/chunk-KDCVS43I.js?v=19d7f095:3680:22)
    at Object.invokeGuardedCallbackDev (http://localhost:5173/node_modules/.vite/deps/chunk-KDCVS43I.js?v=19d7f095:3705:24)
    at invokeGuardedCallback (http://localhost:5173/node_modules/.vite/deps/chunk-KDCVS43I.js?v=19d7f095:3739:39)
    at beginWork$1 (http://localhost:5173/node_modules/.vite/deps/chunk-KDCVS43I.js?v=19d7f095:19818:15)
    at performUnitOfWork (http://localhost:5173/node_modules/.vite/deps/chunk-KDCVS43I.js?v=19d7f095:19251:20)
[  366011ms] Error: useTheme must be used within ThemeProvider
    at useTheme (http://localhost:5173/src/context/ThemeContext.jsx:48:19)
    at Navbar (http://localhost:5173/src/components/Navbar.jsx?t=1782472027328:27:29)
    at renderWithHooks (http://localhost:5173/node_modules/.vite/deps/chunk-KDCVS43I.js?v=19d7f095:11596:26)
    at mountIndeterminateComponent (http://localhost:5173/node_modules/.vite/deps/chunk-KDCVS43I.js?v=19d7f095:14974:21)
    at beginWork (http://localhost:5173/node_modules/.vite/deps/chunk-KDCVS43I.js?v=19d7f095:15962:22)
    at HTMLUnknownElement.callCallback2 (http://localhost:5173/node_modules/.vite/deps/chunk-KDCVS43I.js?v=19d7f095:3680:22)
    at Object.invokeGuardedCallbackDev (http://localhost:5173/node_modules/.vite/deps/chunk-KDCVS43I.js?v=19d7f095:3705:24)
    at invokeGuardedCallback (http://localhost:5173/node_modules/.vite/deps/chunk-KDCVS43I.js?v=19d7f095:3739:39)
    at beginWork$1 (http://localhost:5173/node_modules/.vite/deps/chunk-KDCVS43I.js?v=19d7f095:19818:15)
    at performUnitOfWork (http://localhost:5173/node_modules/.vite/deps/chunk-KDCVS43I.js?v=19d7f095:19251:20)
[  366020ms] [ERROR] The above error occurred in the <Navbar> component:

    at Navbar (http://localhost:5173/src/components/Navbar.jsx?t=1782472027328:24:20)
    at App (http://localhost:5173/src/App.jsx?t=1782471628963:33:33)

Consider adding an error boundary to your tree to customize error handling behavior.
Visit https://reactjs.org/link/error-boundaries to learn more about error boundaries. @ http://localhost:5173/node_modules/.vite/deps/chunk-QNJ7FINK.js?v=19d7f095:18177
[  366030ms] Error: useTheme must be used within ThemeProvider
    at useTheme (http://localhost:5173/src/context/ThemeContext.jsx:48:19)
    at Navbar (http://localhost:5173/src/components/Navbar.jsx?t=1782472027328:27:29)
    at renderWithHooks (http://localhost:5173/node_modules/.vite/deps/chunk-KDCVS43I.js?v=19d7f095:11596:26)
    at mountIndeterminateComponent (http://localhost:5173/node_modules/.vite/deps/chunk-KDCVS43I.js?v=19d7f095:14974:21)
    at beginWork (http://localhost:5173/node_modules/.vite/deps/chunk-KDCVS43I.js?v=19d7f095:15962:22)
    at beginWork$1 (http://localhost:5173/node_modules/.vite/deps/chunk-KDCVS43I.js?v=19d7f095:19806:22)
    at performUnitOfWork (http://localhost:5173/node_modules/.vite/deps/chunk-KDCVS43I.js?v=19d7f095:19251:20)
    at workLoopSync (http://localhost:5173/node_modules/.vite/deps/chunk-KDCVS43I.js?v=19d7f095:19190:13)
    at renderRootSync (http://localhost:5173/node_modules/.vite/deps/chunk-KDCVS43I.js?v=19d7f095:19169:15)
    at recoverFromConcurrentError (http://localhost:5173/node_modules/.vite/deps/chunk-KDCVS43I.js?v=19d7f095:18786:28)
[  366277ms] [INFO] %cDownload the React DevTools for a better development experience: https://reactjs.org/link/react-devtools font-weight:bold @ http://localhost:5173/node_modules/.vite/deps/chunk-KDCVS43I.js?v=19d7f095:21608
[  366792ms] [WARNING] THREE.Clock: This module has been deprecated. Please use THREE.Timer instead. @ http://localhost:5173/node_modules/.vite/deps/chunk-OSKE3TLL.js?v=19d7f095:746
[  407510ms] [WARNING] THREE.Clock: This module has been deprecated. Please use THREE.Timer instead. @ http://localhost:5173/node_modules/.vite/deps/chunk-OSKE3TLL.js?v=19d7f095:746
[  413271ms] [LOG] THREE.WebGLRenderer: Context Lost. @ http://localhost:5173/node_modules/.vite/deps/chunk-OSKE3TLL.js?v=19d7f095:721
[  439739ms] TypeError: Cannot destructure property 'accent' of 'colors' as it is undefined.
    at NeuralNetworkScene (http://localhost:5173/src/components/ThreeScene/NeuralNetworkScene.jsx?t=1782472106834:292:11)
    at renderWithHooks (http://localhost:5173/node_modules/.vite/deps/chunk-KDCVS43I.js?v=19d7f095:11596:26)
    at mountIndeterminateComponent (http://localhost:5173/node_modules/.vite/deps/chunk-KDCVS43I.js?v=19d7f095:14974:21)
    at beginWork (http://localhost:5173/node_modules/.vite/deps/chunk-KDCVS43I.js?v=19d7f095:15962:22)
    at HTMLUnknownElement.callCallback2 (http://localhost:5173/node_modules/.vite/deps/chunk-KDCVS43I.js?v=19d7f095:3680:22)
    at Object.invokeGuardedCallbackDev (http://localhost:5173/node_modules/.vite/deps/chunk-KDCVS43I.js?v=19d7f095:3705:24)
    at invokeGuardedCallback (http://localhost:5173/node_modules/.vite/deps/chunk-KDCVS43I.js?v=19d7f095:3739:39)
    at beginWork$1 (http://localhost:5173/node_modules/.vite/deps/chunk-KDCVS43I.js?v=19d7f095:19818:15)
    at performUnitOfWork (http://localhost:5173/node_modules/.vite/deps/chunk-KDCVS43I.js?v=19d7f095:19251:20)
    at workLoopSync (http://localhost:5173/node_modules/.vite/deps/chunk-KDCVS43I.js?v=19d7f095:19190:13)
[  439754ms] TypeError: Cannot destructure property 'accent' of 'colors' as it is undefined.
    at NeuralNetworkScene (http://localhost:5173/src/components/ThreeScene/NeuralNetworkScene.jsx?t=1782472106834:292:11)
    at renderWithHooks (http://localhost:5173/node_modules/.vite/deps/chunk-KDCVS43I.js?v=19d7f095:11596:26)
    at mountIndeterminateComponent (http://localhost:5173/node_modules/.vite/deps/chunk-KDCVS43I.js?v=19d7f095:14974:21)
    at beginWork (http://localhost:5173/node_modules/.vite/deps/chunk-KDCVS43I.js?v=19d7f095:15962:22)
    at HTMLUnknownElement.callCallback2 (http://localhost:5173/node_modules/.vite/deps/chunk-KDCVS43I.js?v=19d7f095:3680:22)
    at Object.invokeGuardedCallbackDev (http://localhost:5173/node_modules/.vite/deps/chunk-KDCVS43I.js?v=19d7f095:3705:24)
    at invokeGuardedCallback (http://localhost:5173/node_modules/.vite/deps/chunk-KDCVS43I.js?v=19d7f095:3739:39)
    at beginWork$1 (http://localhost:5173/node_modules/.vite/deps/chunk-KDCVS43I.js?v=19d7f095:19818:15)
    at performUnitOfWork (http://localhost:5173/node_modules/.vite/deps/chunk-KDCVS43I.js?v=19d7f095:19251:20)
    at workLoopSync (http://localhost:5173/node_modules/.vite/deps/chunk-KDCVS43I.js?v=19d7f095:19190:13)
[  439779ms] [ERROR] The above error occurred in the <NeuralNetworkScene> component:

    at NeuralNetworkScene (http://localhost:5173/src/components/ThreeScene/NeuralNetworkScene.jsx?t=1782472106834:291:46)
    at div
    at section
    at Hero (http://localhost:5173/src/components/Hero.jsx?t=1782472035222:26:20)
    at Suspense
    at main
    at ThemeProvider (http://localhost:5173/src/context/ThemeContext.jsx:22:33)
    at App (http://localhost:5173/src/App.jsx?t=1782472036435:34:33)

Consider adding an error boundary to your tree to customize error handling behavior.
Visit https://reactjs.org/link/error-boundaries to learn more about error boundaries. @ http://localhost:5173/node_modules/.vite/deps/chunk-QNJ7FINK.js?v=19d7f095:18177
[  439923ms] TypeError: Cannot destructure property 'accent' of 'colors' as it is undefined.
    at NeuralNetworkScene (http://localhost:5173/src/components/ThreeScene/NeuralNetworkScene.jsx?t=1782472106834:292:11)
    at renderWithHooks (http://localhost:5173/node_modules/.vite/deps/chunk-KDCVS43I.js?v=19d7f095:11596:26)
    at mountIndeterminateComponent (http://localhost:5173/node_modules/.vite/deps/chunk-KDCVS43I.js?v=19d7f095:14974:21)
    at beginWork (http://localhost:5173/node_modules/.vite/deps/chunk-KDCVS43I.js?v=19d7f095:15962:22)
    at beginWork$1 (http://localhost:5173/node_modules/.vite/deps/chunk-KDCVS43I.js?v=19d7f095:19806:22)
    at performUnitOfWork (http://localhost:5173/node_modules/.vite/deps/chunk-KDCVS43I.js?v=19d7f095:19251:20)
    at workLoopSync (http://localhost:5173/node_modules/.vite/deps/chunk-KDCVS43I.js?v=19d7f095:19190:13)
    at renderRootSync (http://localhost:5173/node_modules/.vite/deps/chunk-KDCVS43I.js?v=19d7f095:19169:15)
    at recoverFromConcurrentError (http://localhost:5173/node_modules/.vite/deps/chunk-KDCVS43I.js?v=19d7f095:18786:28)
    at performSyncWorkOnRoot (http://localhost:5173/node_modules/.vite/deps/chunk-KDCVS43I.js?v=19d7f095:18932:28)
[  446125ms] [LOG] THREE.WebGLRenderer: Context Lost. @ http://localhost:5173/node_modules/.vite/deps/chunk-OSKE3TLL.js?v=19d7f095:721
[  448239ms] [WARNING] THREE.Clock: This module has been deprecated. Please use THREE.Timer instead. @ http://localhost:5173/node_modules/.vite/deps/chunk-OSKE3TLL.js?v=19d7f095:746
[  573924ms] [INFO] %cDownload the React DevTools for a better development experience: https://reactjs.org/link/react-devtools font-weight:bold @ http://localhost:5173/node_modules/.vite/deps/chunk-KDCVS43I.js?v=19d7f095:21608
[  574340ms] [WARNING] THREE.Clock: This module has been deprecated. Please use THREE.Timer instead. @ http://localhost:5173/node_modules/.vite/deps/chunk-OSKE3TLL.js?v=19d7f095:746
[  575272ms] Error: useTheme must be used within ThemeProvider
    at useTheme (http://localhost:5173/src/context/ThemeContext.jsx:48:19)
    at Navbar (http://localhost:5173/src/components/Navbar.jsx?t=1782472027328:27:29)
    at renderWithHooks (http://localhost:5173/node_modules/.vite/deps/chunk-KDCVS43I.js?v=19d7f095:11596:26)
    at mountIndeterminateComponent (http://localhost:5173/node_modules/.vite/deps/chunk-KDCVS43I.js?v=19d7f095:14974:21)
    at beginWork (http://localhost:5173/node_modules/.vite/deps/chunk-KDCVS43I.js?v=19d7f095:15962:22)
    at HTMLUnknownElement.callCallback2 (http://localhost:5173/node_modules/.vite/deps/chunk-KDCVS43I.js?v=19d7f095:3680:22)
    at Object.invokeGuardedCallbackDev (http://localhost:5173/node_modules/.vite/deps/chunk-KDCVS43I.js?v=19d7f095:3705:24)
    at invokeGuardedCallback (http://localhost:5173/node_modules/.vite/deps/chunk-KDCVS43I.js?v=19d7f095:3739:39)
    at beginWork$1 (http://localhost:5173/node_modules/.vite/deps/chunk-KDCVS43I.js?v=19d7f095:19818:15)
    at performUnitOfWork (http://localhost:5173/node_modules/.vite/deps/chunk-KDCVS43I.js?v=19d7f095:19251:20)
[  575286ms] Error: useTheme must be used within ThemeProvider
    at useTheme (http://localhost:5173/src/context/ThemeContext.jsx:48:19)
    at Navbar (http://localhost:5173/src/components/Navbar.jsx?t=1782472027328:27:29)
    at renderWithHooks (http://localhost:5173/node_modules/.vite/deps/chunk-KDCVS43I.js?v=19d7f095:11596:26)
    at mountIndeterminateComponent (http://localhost:5173/node_modules/.vite/deps/chunk-KDCVS43I.js?v=19d7f095:14974:21)
    at beginWork (http://localhost:5173/node_modules/.vite/deps/chunk-KDCVS43I.js?v=19d7f095:15962:22)
    at HTMLUnknownElement.callCallback2 (http://localhost:5173/node_modules/.vite/deps/chunk-KDCVS43I.js?v=19d7f095:3680:22)
    at Object.invokeGuardedCallbackDev (http://localhost:5173/node_modules/.vite/deps/chunk-KDCVS43I.js?v=19d7f095:3705:24)
    at invokeGuardedCallback (http://localhost:5173/node_modules/.vite/deps/chunk-KDCVS43I.js?v=19d7f095:3739:39)
    at beginWork$1 (http://localhost:5173/node_modules/.vite/deps/chunk-KDCVS43I.js?v=19d7f095:19818:15)
    at performUnitOfWork (http://localhost:5173/node_modules/.vite/deps/chunk-KDCVS43I.js?v=19d7f095:19251:20)
[  575302ms] [ERROR] The above error occurred in the <Navbar> component:

    at Navbar (http://localhost:5173/src/components/Navbar.jsx?t=1782472027328:24:20)
    at App (http://localhost:5173/src/App.jsx?t=1782472245593:33:33)

Consider adding an error boundary to your tree to customize error handling behavior.
Visit https://reactjs.org/link/error-boundaries to learn more about error boundaries. @ http://localhost:5173/node_modules/.vite/deps/chunk-QNJ7FINK.js?v=19d7f095:18177
[  575315ms] Error: useTheme must be used within ThemeProvider
    at useTheme (http://localhost:5173/src/context/ThemeContext.jsx:48:19)
    at Navbar (http://localhost:5173/src/components/Navbar.jsx?t=1782472027328:27:29)
    at renderWithHooks (http://localhost:5173/node_modules/.vite/deps/chunk-KDCVS43I.js?v=19d7f095:11596:26)
    at mountIndeterminateComponent (http://localhost:5173/node_modules/.vite/deps/chunk-KDCVS43I.js?v=19d7f095:14974:21)
    at beginWork (http://localhost:5173/node_modules/.vite/deps/chunk-KDCVS43I.js?v=19d7f095:15962:22)
    at beginWork$1 (http://localhost:5173/node_modules/.vite/deps/chunk-KDCVS43I.js?v=19d7f095:19806:22)
    at performUnitOfWork (http://localhost:5173/node_modules/.vite/deps/chunk-KDCVS43I.js?v=19d7f095:19251:20)
    at workLoopSync (http://localhost:5173/node_modules/.vite/deps/chunk-KDCVS43I.js?v=19d7f095:19190:13)
    at renderRootSync (http://localhost:5173/node_modules/.vite/deps/chunk-KDCVS43I.js?v=19d7f095:19169:15)
    at recoverFromConcurrentError (http://localhost:5173/node_modules/.vite/deps/chunk-KDCVS43I.js?v=19d7f095:18786:28)
[  575833ms] [LOG] THREE.WebGLRenderer: Context Lost. @ http://localhost:5173/node_modules/.vite/deps/chunk-OSKE3TLL.js?v=19d7f095:721
[  578299ms] Error: useTheme must be used within ThemeProvider
    at useTheme (http://localhost:5173/src/context/ThemeContext.jsx:48:19)
    at Hero (http://localhost:5173/src/components/Hero.jsx?t=1782472118669:28:21)
    at renderWithHooks (http://localhost:5173/node_modules/.vite/deps/chunk-KDCVS43I.js?v=19d7f095:11596:26)
    at updateFunctionComponent (http://localhost:5173/node_modules/.vite/deps/chunk-KDCVS43I.js?v=19d7f095:14630:28)
    at mountLazyComponent (http://localhost:5173/node_modules/.vite/deps/chunk-KDCVS43I.js?v=19d7f095:14881:23)
    at beginWork (http://localhost:5173/node_modules/.vite/deps/chunk-KDCVS43I.js?v=19d7f095:15966:22)
    at HTMLUnknownElement.callCallback2 (http://localhost:5173/node_modules/.vite/deps/chunk-KDCVS43I.js?v=19d7f095:3680:22)
    at Object.invokeGuardedCallbackDev (http://localhost:5173/node_modules/.vite/deps/chunk-KDCVS43I.js?v=19d7f095:3705:24)
    at invokeGuardedCallback (http://localhost:5173/node_modules/.vite/deps/chunk-KDCVS43I.js?v=19d7f095:3739:39)
    at beginWork$1 (http://localhost:5173/node_modules/.vite/deps/chunk-KDCVS43I.js?v=19d7f095:19818:15)
[  578304ms] Error: useTheme must be used within ThemeProvider
    at useTheme (http://localhost:5173/src/context/ThemeContext.jsx:48:19)
    at Hero (http://localhost:5173/src/components/Hero.jsx?t=1782472118669:28:21)
    at renderWithHooks (http://localhost:5173/node_modules/.vite/deps/chunk-KDCVS43I.js?v=19d7f095:11596:26)
    at updateFunctionComponent (http://localhost:5173/node_modules/.vite/deps/chunk-KDCVS43I.js?v=19d7f095:14630:28)
    at mountLazyComponent (http://localhost:5173/node_modules/.vite/deps/chunk-KDCVS43I.js?v=19d7f095:14881:23)
    at beginWork (http://localhost:5173/node_modules/.vite/deps/chunk-KDCVS43I.js?v=19d7f095:15966:22)
    at HTMLUnknownElement.callCallback2 (http://localhost:5173/node_modules/.vite/deps/chunk-KDCVS43I.js?v=19d7f095:3680:22)
    at Object.invokeGuardedCallbackDev (http://localhost:5173/node_modules/.vite/deps/chunk-KDCVS43I.js?v=19d7f095:3705:24)
    at invokeGuardedCallback (http://localhost:5173/node_modules/.vite/deps/chunk-KDCVS43I.js?v=19d7f095:3739:39)
    at beginWork$1 (http://localhost:5173/node_modules/.vite/deps/chunk-KDCVS43I.js?v=19d7f095:19818:15)
[  578311ms] [ERROR] The above error occurred in the <Hero> component:

    at Hero (http://localhost:5173/src/components/Hero.jsx?t=1782472118669:27:20)
    at Suspense
    at main
    at App (http://localhost:5173/src/App.jsx?t=1782472245593:33:33)

Consider adding an error boundary to your tree to customize error handling behavior.
Visit https://reactjs.org/link/error-boundaries to learn more about error boundaries. @ http://localhost:5173/node_modules/.vite/deps/chunk-QNJ7FINK.js?v=19d7f095:18177
[  578314ms] Error: useTheme must be used within ThemeProvider
    at useTheme (http://localhost:5173/src/context/ThemeContext.jsx:48:19)
    at Hero (http://localhost:5173/src/components/Hero.jsx?t=1782472118669:28:21)
    at renderWithHooks (http://localhost:5173/node_modules/.vite/deps/chunk-KDCVS43I.js?v=19d7f095:11596:26)
    at updateFunctionComponent (http://localhost:5173/node_modules/.vite/deps/chunk-KDCVS43I.js?v=19d7f095:14630:28)
    at mountLazyComponent (http://localhost:5173/node_modules/.vite/deps/chunk-KDCVS43I.js?v=19d7f095:14881:23)
    at beginWork (http://localhost:5173/node_modules/.vite/deps/chunk-KDCVS43I.js?v=19d7f095:15966:22)
    at beginWork$1 (http://localhost:5173/node_modules/.vite/deps/chunk-KDCVS43I.js?v=19d7f095:19806:22)
    at performUnitOfWork (http://localhost:5173/node_modules/.vite/deps/chunk-KDCVS43I.js?v=19d7f095:19251:20)
    at workLoopSync (http://localhost:5173/node_modules/.vite/deps/chunk-KDCVS43I.js?v=19d7f095:19190:13)
    at renderRootSync (http://localhost:5173/node_modules/.vite/deps/chunk-KDCVS43I.js?v=19d7f095:19169:15)
[  582246ms] TypeError: Cannot destructure property 'accent' of 'colors' as it is undefined.
    at NeuralNetworkScene (http://localhost:5173/src/components/ThreeScene/NeuralNetworkScene.jsx?t=1782472107000:292:11)
    at renderWithHooks (http://localhost:5173/node_modules/.vite/deps/chunk-KDCVS43I.js?v=19d7f095:11596:26)
    at mountIndeterminateComponent (http://localhost:5173/node_modules/.vite/deps/chunk-KDCVS43I.js?v=19d7f095:14974:21)
    at beginWork (http://localhost:5173/node_modules/.vite/deps/chunk-KDCVS43I.js?v=19d7f095:15962:22)
    at HTMLUnknownElement.callCallback2 (http://localhost:5173/node_modules/.vite/deps/chunk-KDCVS43I.js?v=19d7f095:3680:22)
    at Object.invokeGuardedCallbackDev (http://localhost:5173/node_modules/.vite/deps/chunk-KDCVS43I.js?v=19d7f095:3705:24)
    at invokeGuardedCallback (http://localhost:5173/node_modules/.vite/deps/chunk-KDCVS43I.js?v=19d7f095:3739:39)
    at beginWork$1 (http://localhost:5173/node_modules/.vite/deps/chunk-KDCVS43I.js?v=19d7f095:19818:15)
    at performUnitOfWork (http://localhost:5173/node_modules/.vite/deps/chunk-KDCVS43I.js?v=19d7f095:19251:20)
    at workLoopSync (http://localhost:5173/node_modules/.vite/deps/chunk-KDCVS43I.js?v=19d7f095:19190:13)
[  582252ms] TypeError: Cannot destructure property 'accent' of 'colors' as it is undefined.
    at NeuralNetworkScene (http://localhost:5173/src/components/ThreeScene/NeuralNetworkScene.jsx?t=1782472107000:292:11)
    at renderWithHooks (http://localhost:5173/node_modules/.vite/deps/chunk-KDCVS43I.js?v=19d7f095:11596:26)
    at mountIndeterminateComponent (http://localhost:5173/node_modules/.vite/deps/chunk-KDCVS43I.js?v=19d7f095:14974:21)
    at beginWork (http://localhost:5173/node_modules/.vite/deps/chunk-KDCVS43I.js?v=19d7f095:15962:22)
    at HTMLUnknownElement.callCallback2 (http://localhost:5173/node_modules/.vite/deps/chunk-KDCVS43I.js?v=19d7f095:3680:22)
    at Object.invokeGuardedCallbackDev (http://localhost:5173/node_modules/.vite/deps/chunk-KDCVS43I.js?v=19d7f095:3705:24)
    at invokeGuardedCallback (http://localhost:5173/node_modules/.vite/deps/chunk-KDCVS43I.js?v=19d7f095:3739:39)
    at beginWork$1 (http://localhost:5173/node_modules/.vite/deps/chunk-KDCVS43I.js?v=19d7f095:19818:15)
    at performUnitOfWork (http://localhost:5173/node_modules/.vite/deps/chunk-KDCVS43I.js?v=19d7f095:19251:20)
    at workLoopSync (http://localhost:5173/node_modules/.vite/deps/chunk-KDCVS43I.js?v=19d7f095:19190:13)
[  582256ms] [ERROR] The above error occurred in the <NeuralNetworkScene> component:

    at NeuralNetworkScene (http://localhost:5173/src/components/ThreeScene/NeuralNetworkScene.jsx?t=1782472107000:291:46)
    at div
    at section
    at Hero (http://localhost:5173/src/components/Hero.jsx?t=1782472252672:26:20)
    at Suspense
    at main
    at App (http://localhost:5173/src/App.jsx?t=1782472245593:33:33)

Consider adding an error boundary to your tree to customize error handling behavior.
Visit https://reactjs.org/link/error-boundaries to learn more about error boundaries. @ http://localhost:5173/node_modules/.vite/deps/chunk-QNJ7FINK.js?v=19d7f095:18177
[  582257ms] TypeError: Cannot destructure property 'accent' of 'colors' as it is undefined.
    at NeuralNetworkScene (http://localhost:5173/src/components/ThreeScene/NeuralNetworkScene.jsx?t=1782472107000:292:11)
    at renderWithHooks (http://localhost:5173/node_modules/.vite/deps/chunk-KDCVS43I.js?v=19d7f095:11596:26)
    at mountIndeterminateComponent (http://localhost:5173/node_modules/.vite/deps/chunk-KDCVS43I.js?v=19d7f095:14974:21)
    at beginWork (http://localhost:5173/node_modules/.vite/deps/chunk-KDCVS43I.js?v=19d7f095:15962:22)
    at beginWork$1 (http://localhost:5173/node_modules/.vite/deps/chunk-KDCVS43I.js?v=19d7f095:19806:22)
    at performUnitOfWork (http://localhost:5173/node_modules/.vite/deps/chunk-KDCVS43I.js?v=19d7f095:19251:20)
    at workLoopSync (http://localhost:5173/node_modules/.vite/deps/chunk-KDCVS43I.js?v=19d7f095:19190:13)
    at renderRootSync (http://localhost:5173/node_modules/.vite/deps/chunk-KDCVS43I.js?v=19d7f095:19169:15)
    at recoverFromConcurrentError (http://localhost:5173/node_modules/.vite/deps/chunk-KDCVS43I.js?v=19d7f095:18786:28)
    at performSyncWorkOnRoot (http://localhost:5173/node_modules/.vite/deps/chunk-KDCVS43I.js?v=19d7f095:18932:28)
[  583149ms] TypeError: Cannot destructure property 'accent' of 'colors' as it is undefined.
    at NeuralNetworkScene (http://localhost:5173/src/components/ThreeScene/NeuralNetworkScene.jsx?t=1782472107000:292:11)
    at renderWithHooks (http://localhost:5173/node_modules/.vite/deps/chunk-KDCVS43I.js?v=19d7f095:11596:26)
    at mountIndeterminateComponent (http://localhost:5173/node_modules/.vite/deps/chunk-KDCVS43I.js?v=19d7f095:14974:21)
    at beginWork (http://localhost:5173/node_modules/.vite/deps/chunk-KDCVS43I.js?v=19d7f095:15962:22)
    at HTMLUnknownElement.callCallback2 (http://localhost:5173/node_modules/.vite/deps/chunk-KDCVS43I.js?v=19d7f095:3680:22)
    at Object.invokeGuardedCallbackDev (http://localhost:5173/node_modules/.vite/deps/chunk-KDCVS43I.js?v=19d7f095:3705:24)
    at invokeGuardedCallback (http://localhost:5173/node_modules/.vite/deps/chunk-KDCVS43I.js?v=19d7f095:3739:39)
    at beginWork$1 (http://localhost:5173/node_modules/.vite/deps/chunk-KDCVS43I.js?v=19d7f095:19818:15)
    at performUnitOfWork (http://localhost:5173/node_modules/.vite/deps/chunk-KDCVS43I.js?v=19d7f095:19251:20)
    at workLoopSync (http://localhost:5173/node_modules/.vite/deps/chunk-KDCVS43I.js?v=19d7f095:19190:13)
[  583156ms] TypeError: Cannot destructure property 'accent' of 'colors' as it is undefined.
    at NeuralNetworkScene (http://localhost:5173/src/components/ThreeScene/NeuralNetworkScene.jsx?t=1782472107000:292:11)
    at renderWithHooks (http://localhost:5173/node_modules/.vite/deps/chunk-KDCVS43I.js?v=19d7f095:11596:26)
    at mountIndeterminateComponent (http://localhost:5173/node_modules/.vite/deps/chunk-KDCVS43I.js?v=19d7f095:14974:21)
    at beginWork (http://localhost:5173/node_modules/.vite/deps/chunk-KDCVS43I.js?v=19d7f095:15962:22)
    at HTMLUnknownElement.callCallback2 (http://localhost:5173/node_modules/.vite/deps/chunk-KDCVS43I.js?v=19d7f095:3680:22)
    at Object.invokeGuardedCallbackDev (http://localhost:5173/node_modules/.vite/deps/chunk-KDCVS43I.js?v=19d7f095:3705:24)
    at invokeGuardedCallback (http://localhost:5173/node_modules/.vite/deps/chunk-KDCVS43I.js?v=19d7f095:3739:39)
    at beginWork$1 (http://localhost:5173/node_modules/.vite/deps/chunk-KDCVS43I.js?v=19d7f095:19818:15)
    at performUnitOfWork (http://localhost:5173/node_modules/.vite/deps/chunk-KDCVS43I.js?v=19d7f095:19251:20)
    at workLoopSync (http://localhost:5173/node_modules/.vite/deps/chunk-KDCVS43I.js?v=19d7f095:19190:13)
[  583162ms] [ERROR] The above error occurred in the <NeuralNetworkScene> component:

    at NeuralNetworkScene (http://localhost:5173/src/components/ThreeScene/NeuralNetworkScene.jsx?t=1782472107000:291:46)
    at div
    at section
    at Hero (http://localhost:5173/src/components/Hero.jsx?t=1782472252672:26:20)
    at Suspense
    at main
    at App (http://localhost:5173/src/App.jsx?t=1782472245593:33:33)

Consider adding an error boundary to your tree to customize error handling behavior.
Visit https://reactjs.org/link/error-boundaries to learn more about error boundaries. @ http://localhost:5173/node_modules/.vite/deps/chunk-QNJ7FINK.js?v=19d7f095:18177
[  583163ms] TypeError: Cannot destructure property 'accent' of 'colors' as it is undefined.
    at NeuralNetworkScene (http://localhost:5173/src/components/ThreeScene/NeuralNetworkScene.jsx?t=1782472107000:292:11)
    at renderWithHooks (http://localhost:5173/node_modules/.vite/deps/chunk-KDCVS43I.js?v=19d7f095:11596:26)
    at mountIndeterminateComponent (http://localhost:5173/node_modules/.vite/deps/chunk-KDCVS43I.js?v=19d7f095:14974:21)
    at beginWork (http://localhost:5173/node_modules/.vite/deps/chunk-KDCVS43I.js?v=19d7f095:15962:22)
    at beginWork$1 (http://localhost:5173/node_modules/.vite/deps/chunk-KDCVS43I.js?v=19d7f095:19806:22)
    at performUnitOfWork (http://localhost:5173/node_modules/.vite/deps/chunk-KDCVS43I.js?v=19d7f095:19251:20)
    at workLoopSync (http://localhost:5173/node_modules/.vite/deps/chunk-KDCVS43I.js?v=19d7f095:19190:13)
    at renderRootSync (http://localhost:5173/node_modules/.vite/deps/chunk-KDCVS43I.js?v=19d7f095:19169:15)
    at recoverFromConcurrentError (http://localhost:5173/node_modules/.vite/deps/chunk-KDCVS43I.js?v=19d7f095:18786:28)
    at performSyncWorkOnRoot (http://localhost:5173/node_modules/.vite/deps/chunk-KDCVS43I.js?v=19d7f095:18932:28)
[  594579ms] [WARNING] THREE.Clock: This module has been deprecated. Please use THREE.Timer instead. @ http://localhost:5173/node_modules/.vite/deps/chunk-OSKE3TLL.js?v=19d7f095:746
[  603097ms] [ERROR] Failed to load resource: the server responded with a status of 404 (Not Found) @ http://localhost:5173/src/context/ThemeContext.jsx?t=1782472273685:0
[  603112ms] [ERROR] [vite] Failed to reload /src/context/ThemeContext.jsx. This could be due to syntax errors or importing non-existent modules. (see errors above) @ http://localhost:5173/node_modules/.vite/deps/chunk-QNJ7FINK.js?v=19d7f095:18177
